INFO main main.version1.v1.server.server.impl.SimpleRPCServerImpl - 服务器启动了......
INFO main main.version1.v1.client.TestClient - 从客户端接收到的User : null
INFO main main.version1.v1.client.TestClient - 向服务端插入的用户Id:null
INFO main main.version1.v1.server.server.impl.SimpleRPCServerImpl - 服务器启动了......
INFO main main.version1.v1.client.TestClient - 从客户端接收到的User : null
INFO main main.version1.v1.client.TestClient - 向服务端插入的用户Id:null
INFO main main.version1.v1.server.server.impl.SimpleRPCServerImpl - 服务器启动了......
INFO main main.version1.v1.client.TestClient - 从客户端接收到的User : null
INFO main main.version1.v1.client.TestClient - 向服务端插入的用户Id:null
INFO main main.version1.v1.server.server.impl.SimpleRPCServerImpl - 服务器启动了......
INFO main main.version1.v1.client.TestClient - 从客户端接收到的User : null
INFO main main.version1.v1.client.TestClient - 向服务端插入的用户Id:null
INFO main main.version1.v1.server.server.impl.SimpleRPCServerImpl - 服务器启动了......
INFO Thread-0 main.version1.v1.common.service.impl.UserServiceImpl - 客户端查询了id :12的用户
INFO main main.version1.v1.client.TestClient - 从客户端接收到的User : User(id=12, userName=259e3b5f-43cc-466d-a797-d31d8c74656e, sex=false)
INFO main main.version1.v1.client.TestClient - 向服务端插入的用户Id:100
INFO Thread-2 main.version1.v1.common.service.impl.UserServiceImpl - 客户端查询了id :12的用户
INFO main main.version1.v1.client.TestClient - 从客户端接收到的User : User(id=12, userName=1372a6e0-95b3-4969-889b-49412c864f69, sex=true)
INFO main main.version1.v1.client.TestClient - 向服务端插入的用户Id:100
INFO main main.version1.v1.server.server.impl.SimpleRPCServerImpl - 服务器启动了......
INFO Thread-0 main.version1.v1.common.service.impl.UserServiceImpl - 客户端查询了id :12的用户
INFO main main.version1.v1.client.TestClient - 从客户端接收到的User : User(id=12, userName=9c769849-a3b6-43a5-a5f9-31df1bf64b4f, sex=false)
INFO main main.version1.v1.client.TestClient - 向服务端插入的用户Id:100
INFO main main.version1.v1.server.server.impl.ThreadPoolRPCServerImpl - 线程池版的服务端启动了
INFO pool-1-thread-1 main.version1.v1.common.service.impl.UserServiceImpl - 服务端查询了id :12的用户
INFO main main.version1.v1.client.TestClient - 从服务端接收到的User : User(id=12, userName=b9ab24ea-fb48-4d9d-ad34-918d32817f59, sex=false)
INFO main main.version1.v1.client.TestClient - 向服务端插入的用户Id:100
